<?xml version="1.0" encoding="UTF-8"?>
<testsuite xmlns:xsi="http://www.w3.org/2001/XMLSchema-instance" xsi:noNamespaceSchemaLocation="https://maven.apache.org/surefire/maven-surefire-plugin/xsd/surefire-test-report.xsd" version="3.0.2" name="com.offcl.spring_security_workout.SpringSecurityWorkoutApplicationTests" time="7.745" tests="1" errors="0" skipped="0" failures="0">
  <properties>
[...]
</properties>
  <testcase name="contextLoads" classname="com.offcl.spring_security_workout.SpringSecurityWorkoutApplicationTests" time="0.459">
    <system-out><![CDATA[11:21:37.752 [main] INFO org.springframework.test.context.support.AnnotationConfigContextLoaderUtils -- Could not detect default configuration classes for test class [com.offcl.spring_security_workout.SpringSecurityWorkoutApplicationTests]: SpringSecurityWorkoutApplicationTests does not declare any static, non-private, non-final, nested classes annotated with @Configuration.
11:21:37.879 [main] INFO org.springframework.boot.test.context.SpringBootTestContextBootstrapper -- Found @SpringBootConfiguration com.offcl.spring_security_workout.SpringSecurityWorkoutApplication for test class com.offcl.spring_security_workout.SpringSecurityWorkoutApplicationTests
11:21:38.155 [main] INFO org.springframework.boot.devtools.restart.RestartApplicationListener -- Restart disabled due to context in which it is running

  .   ____          _            __ _ _
 /\\ / ___'_ __ _ _(_)_ __  __ _ \ \ \ \
( ( )\___ | '_ | '_| | '_ \/ _` | \ \ \ \
 \\/  ___)| |_)| | | | | || (_| |  ) ) ) )
  '  |____| .__|_| |_|_| |_\__, | / / / /
 =========|_|==============|___/=/_/_/_/

 :: Spring Boot ::                (v3.5.5)

2025-09-16T11:21:38.528+05:30  INFO 21240 --- [spring-security-workout] [           main] .s.SpringSecurityWorkoutApplicationTests : Starting SpringSecurityWorkoutApplicationTests using Java 17.0.12 with PID 21240 (started by Techno Genesis in D:\Gowtham Projects\java\spring-security-workout)
2025-09-16T11:21:38.541+05:30  INFO 21240 --- [spring-security-workout] [           main] .s.SpringSecurityWorkoutApplicationTests : No active profile set, falling back to 1 default profile: "default"
2025-09-16T11:21:39.795+05:30  INFO 21240 --- [spring-security-workout] [           main] .s.d.r.c.RepositoryConfigurationDelegate : Bootstrapping Spring Data JPA repositories in DEFAULT mode.
2025-09-16T11:21:39.884+05:30  INFO 21240 --- [spring-security-workout] [           main] .s.d.r.c.RepositoryConfigurationDelegate : Finished Spring Data repository scanning in 74 ms. Found 2 JPA repository interfaces.
2025-09-16T11:21:40.503+05:30  INFO 21240 --- [spring-security-workout] [           main] o.hibernate.jpa.internal.util.LogHelper  : HHH000204: Processing PersistenceUnitInfo [name: default]
2025-09-16T11:21:40.605+05:30  INFO 21240 --- [spring-security-workout] [           main] org.hibernate.Version                    : HHH000412: Hibernate ORM core version 6.6.26.Final
2025-09-16T11:21:40.657+05:30  INFO 21240 --- [spring-security-workout] [           main] o.h.c.internal.RegionFactoryInitiator    : HHH000026: Second-level cache disabled
2025-09-16T11:21:41.158+05:30  INFO 21240 --- [spring-security-workout] [           main] o.s.o.j.p.SpringPersistenceUnitInfo      : No LoadTimeWeaver setup: ignoring JPA class transformer
2025-09-16T11:21:41.219+05:30  INFO 21240 --- [spring-security-workout] [           main] com.zaxxer.hikari.HikariDataSource       : HikariPool-1 - Starting...
2025-09-16T11:21:41.577+05:30  INFO 21240 --- [spring-security-workout] [           main] com.zaxxer.hikari.pool.HikariPool        : HikariPool-1 - Added connection org.postgresql.jdbc.PgConnection@18483b8b
2025-09-16T11:21:41.577+05:30  INFO 21240 --- [spring-security-workout] [           main] com.zaxxer.hikari.HikariDataSource       : HikariPool-1 - Start completed.
2025-09-16T11:21:41.621+05:30  WARN 21240 --- [spring-security-workout] [           main] org.hibernate.orm.deprecation            : HHH90000025: PostgreSQLDialect does not need to be specified explicitly using 'hibernate.dialect' (remove the property setting and it will be selected by default)
2025-09-16T11:21:41.648+05:30  INFO 21240 --- [spring-security-workout] [           main] org.hibernate.orm.connections.pooling    : HHH10001005: Database info:
	Database JDBC URL [Connecting through datasource 'HikariDataSource (HikariPool-1)']
	Database driver: undefined/unknown
	Database version: 17.6
	Autocommit mode: undefined/unknown
	Isolation level: undefined/unknown
	Minimum pool size: undefined/unknown
	Maximum pool size: undefined/unknown
2025-09-16T11:21:42.841+05:30  INFO 21240 --- [spring-security-workout] [           main] o.h.e.t.j.p.i.JtaPlatformInitiator       : HHH000489: No JTA platform available (set 'hibernate.transaction.jta.platform' to enable JTA platform integration)
Hibernate: alter table if exists role add column role_name varchar(255)
Hibernate: alter table if exists role drop constraint if exists UKiubw515ff0ugtm28p8g3myt0h
2025-09-16T11:21:42.976+05:30  WARN 21240 --- [spring-security-workout] [           main] o.h.engine.jdbc.spi.SqlExceptionHelper   : SQL Warning Code: 0, SQLState: 00000
2025-09-16T11:21:42.976+05:30  WARN 21240 --- [spring-security-workout] [           main] o.h.engine.jdbc.spi.SqlExceptionHelper   : constraint "ukiubw515ff0ugtm28p8g3myt0h" of relation "role" does not exist, skipping
Hibernate: alter table if exists role add constraint UKiubw515ff0ugtm28p8g3myt0h unique (role_name)
2025-09-16T11:21:43.063+05:30  INFO 21240 --- [spring-security-workout] [           main] j.LocalContainerEntityManagerFactoryBean : Initialized JPA EntityManagerFactory for persistence unit 'default'
2025-09-16T11:21:43.839+05:30  WARN 21240 --- [spring-security-workout] [           main] JpaBaseConfiguration$JpaWebConfiguration : spring.jpa.open-in-view is enabled by default. Therefore, database queries may be performed during view rendering. Explicitly configure spring.jpa.open-in-view to disable this warning
2025-09-16T11:21:44.620+05:30  WARN 21240 --- [spring-security-workout] [           main] .s.s.UserDetailsServiceAutoConfiguration : 

Using generated security password: abb09cfd-1493-440d-8125-d815e5aca841

This generated password is for development use only. Your security configuration must be updated before running your application in production.

2025-09-16T11:21:44.628+05:30  INFO 21240 --- [spring-security-workout] [           main] r$InitializeUserDetailsManagerConfigurer : Global AuthenticationManager configured with UserDetailsService bean with name inMemoryUserDetailsManager
2025-09-16T11:21:44.868+05:30  INFO 21240 --- [spring-security-workout] [           main] .s.SpringSecurityWorkoutApplicationTests : Started SpringSecurityWorkoutApplicationTests in 6.736 seconds (process running for 7.946)
]]></system-out>
  </testcase>
</testsuite>